<?xml version="1.0" encoding="UTF-8"?>
<!-- Generated by org.testng.reporters.JUnitReportReporter -->
<testsuite skipped="0" hostname="Khems-PC" name="concept.BeforeClassAndAfterClass2" tests="3" failures="0" timestamp="18 May 2019 06:55:43 GMT" time="0.019" errors="0">
  <testcase name="deleteVendor" time="0.008" classname="concept.BeforeClassAndAfterClass2"/>
  <testcase name="deleteProduct" time="0.006" classname="concept.BeforeClassAndAfterClass2"/>
  <testcase name="deleteCurrency" time="0.005" classname="concept.BeforeClassAndAfterClass2"/>
</testsuite> <!-- concept.BeforeClassAndAfterClass2 -->
