<?xml version="1.0" encoding="UTF-8"?>
<!-- Generated by org.testng.reporters.JUnitReportReporter -->
<testsuite skipped="0" hostname="Khems-PC" name="concept.Priority" tests="3" failures="0" timestamp="16 May 2019 13:14:26 GMT" time="0.016" errors="0">
  <testcase name="A" time="0.012" classname="concept.Priority"/>
  <testcase name="C" time="0.003" classname="concept.Priority"/>
  <testcase name="B" time="0.001" classname="concept.Priority"/>
</testsuite> <!-- concept.Priority -->
