<?xml version="1.0" encoding="UTF-8"?>
<!-- Generated by org.testng.reporters.JUnitReportReporter -->
<testsuite skipped="0" hostname="Khems-PC" name="concept.Parallel_test_exe_classes2" tests="2" failures="0" timestamp="18 May 2019 10:06:50 GMT" time="0.037" errors="0">
  <testcase name="testCase5" time="0.002" classname="concept.Parallel_test_exe_classes2"/>
  <testcase name="testCase4" time="0.035" classname="concept.Parallel_test_exe_classes2"/>
</testsuite> <!-- concept.Parallel_test_exe_classes2 -->
