<?xml version="1.0" encoding="UTF-8"?>
<!-- Generated by org.testng.reporters.JUnitReportReporter -->
<testsuite skipped="0" hostname="Khems-PC" name="concept.Parallel_test_exe_classes" tests="2" failures="0" timestamp="18 May 2019 10:06:50 GMT" time="0.016" errors="0">
  <testcase name="testCase1" time="0.012" classname="concept.Parallel_test_exe_classes"/>
  <testcase name="testCase2" time="0.004" classname="concept.Parallel_test_exe_classes"/>
</testsuite> <!-- concept.Parallel_test_exe_classes -->
