<?xml version="1.0" encoding="UTF-8"?>
<!-- Generated by org.testng.reporters.JUnitReportReporter -->
<testsuite skipped="0" hostname="Khems-PC" name="concept.Grouping_Test_Cases" tests="3" failures="0" timestamp="18 May 2019 07:19:38 GMT" time="0.013" errors="0">
  <testcase name="login" time="0.010" classname="concept.Grouping_Test_Cases"/>
  <testcase name="fundTransefer" time="0.002" classname="concept.Grouping_Test_Cases"/>
  <testcase name="search" time="0.001" classname="concept.Grouping_Test_Cases"/>
</testsuite> <!-- concept.Grouping_Test_Cases -->
