<?xml version="1.0" encoding="UTF-8"?>
<!-- Generated by org.testng.reporters.JUnitReportReporter -->
<testsuite skipped="0" hostname="Khems-PC" name="concept.BeforeClassAndAfterClass" tests="3" failures="0" timestamp="18 May 2019 06:55:43 GMT" time="0.026" errors="0">
  <testcase name="addVendor" time="0.012" classname="concept.BeforeClassAndAfterClass"/>
  <testcase name="addProduct" time="0.010" classname="concept.BeforeClassAndAfterClass"/>
  <testcase name="addCurrency" time="0.004" classname="concept.BeforeClassAndAfterClass"/>
</testsuite> <!-- concept.BeforeClassAndAfterClass -->
