<?xml version="1.0" encoding="UTF-8"?>
<!-- Generated by org.testng.reporters.JUnitReportReporter -->
<testsuite skipped="0" hostname="Khems-PC" name="concept.Parallel_test_exe_method" tests="2" failures="0" timestamp="18 May 2019 09:12:13 GMT" time="0.012" errors="0">
  <testcase name="testCase2" time="0.002" classname="concept.Parallel_test_exe_method"/>
  <testcase name="testCase1" time="0.010" classname="concept.Parallel_test_exe_method"/>
</testsuite> <!-- concept.Parallel_test_exe_method -->
