<?xml version="1.0" encoding="UTF-8"?>
<!-- Generated by org.testng.reporters.JUnitReportReporter -->
<testsuite skipped="0" hostname="Khems-PC" name="concept.BeforeMethodANDAfterMethod" tests="2" failures="0" timestamp="17 May 2019 12:06:54 GMT" time="31.938" errors="0">
  <testcase name="verifyPageTitle1" time="8.872" classname="concept.BeforeMethodANDAfterMethod"/>
  <testcase name="verifyPageTitle2" time="23.066" classname="concept.BeforeMethodANDAfterMethod"/>
</testsuite> <!-- concept.BeforeMethodANDAfterMethod -->
