<?xml version="1.0" encoding="UTF-8"?>
<!-- Generated by org.testng.reporters.JUnitReportReporter -->
<testsuite skipped="2" hostname="Khems-PC" name="concept.Enable_Desable" tests="3" failures="0" timestamp="16 May 2019 13:29:54 GMT" time="0.010" errors="0">
  <testcase name="A" time="0.010" classname="concept.Enable_Desable"/>
  <testcase name="C" classname="concept.Enable_Desable">
    <skipped/>
  </testcase> <!-- C -->
  <testcase name="B" classname="concept.Enable_Desable">
    <skipped/>
  </testcase> <!-- B -->
</testsuite> <!-- concept.Enable_Desable -->
