<?xml version="1.0" encoding="UTF-8"?>
<!-- Generated by org.testng.reporters.JUnitReportReporter -->
<testsuite skipped="0" hostname="Khems-PC" name="concept.DependsOnMethod" tests="3" failures="0" timestamp="17 May 2019 09:55:38 GMT" time="0.012" errors="0">
  <testcase name="Dashbord" time="0.001" classname="concept.DependsOnMethod"/>
  <testcase name="ClickOn_Login_Link" time="0.010" classname="concept.DependsOnMethod"/>
  <testcase name="Login" time="0.001" classname="concept.DependsOnMethod"/>
</testsuite> <!-- concept.DependsOnMethod -->
